<?xml version="1.0" encoding="UTF-8"?>
<!-- Generated by org.testng.reporters.JUnitReportReporter -->
<testsuite hostname="DESKTOP-LVNNG7C" failures="0" tests="2" name="com.qa.testCasesTn.SearchProductTest" time="11.652" errors="0" timestamp="2024-01-12T21:49:37 EST" skipped="0">
  <testcase classname="com.qa.testCasesTn.SearchProductTest" name="verifySearchWithValidProduct" time="5.466"/>
  <testcase classname="com.qa.testCasesTn.SearchProductTest" name="verifySearchWithInvalidProduct" time="6.186"/>
</testsuite> <!-- com.qa.testCasesTn.SearchProductTest -->
