<?xml version="1.0" encoding="UTF-8"?>
<!-- Generated by org.testng.reporters.JUnitReportReporter -->
<testsuite hostname="DESKTOP-LVNNG7C" failures="0" tests="1" name="com.qa.testCasesTn.CheckOutTest" time="31.355" errors="0" timestamp="2024-01-12T21:49:37 EST" skipped="0">
  <testcase classname="com.qa.testCasesTn.CheckOutTest" name="checkOutAsExistingUser" time="31.355"/>
</testsuite> <!-- com.qa.testCasesTn.CheckOutTest -->
