<?xml version="1.0" encoding="UTF-8"?>
<!-- Generated by org.testng.reporters.JUnitReportReporter -->
<testsuite hostname="DESKTOP-LVNNG7C" failures="0" tests="1" name="com.qa.testCasesTn.AddtoCartTest" time="13.781" errors="0" timestamp="2024-01-12T21:49:37 EST" skipped="0">
  <testcase classname="com.qa.testCasesTn.AddtoCartTest" name="checkingOutValidProduct" time="13.781"/>
</testsuite> <!-- com.qa.testCasesTn.AddtoCartTest -->
