<?xml version="1.0" encoding="UTF-8"?>
<!-- Generated by org.testng.reporters.JUnitReportReporter -->
<testsuite hostname="DESKTOP-LVNNG7C" failures="0" tests="3" name="com.qa.testCasesTn.RegisterTest" time="26.633" errors="0" timestamp="2024-01-12T21:49:37 EST" skipped="0">
  <testcase classname="com.qa.testCasesTn.RegisterTest" name="verifyingRegisterWithMandatoryFields" time="10.987"/>
  <testcase classname="com.qa.testCasesTn.RegisterTest" name="verifyingRegisterWithExistingEmail" time="7.321"/>
  <testcase classname="com.qa.testCasesTn.RegisterTest" name="verifyingRegisterWithNoFields" time="8.325"/>
</testsuite> <!-- com.qa.testCasesTn.RegisterTest -->
